This is pdfTeX, Version 3.14159265-2.6-1.40.20 (MiKTeX 2.9.7140 64-bit) (preloaded format=pdflatex 2019.9.23)  24 SEP 2019 19:37
entering extended mode
**./Ev_1_6_Explicar_la_operacion_de_los_circuitos_de_activacion_con_tiristores_
en_convertidores_CA-CD_y_CA-CA.tex

(Ev_1_6_Explicar_la_operacion_de_los_circuitos_de_activacion_con_tiristores_en_
convertidores_CA-CD_y_CA-CA.tex
LaTeX2e <2018-12-01>
("C:\Users\user\AppData\Local\Programs\MiKTeX 2.9\tex/latex/base\report.cls"
Document Class: report 2018/09/03 v1.4i Standard LaTeX document class
("C:\Users\user\AppData\Local\Programs\MiKTeX 2.9\tex/latex/base\size11.clo"
File: size11.clo 2018/09/03 v1.4i Standard LaTeX file (size option)
)
\c@part=\count80
\c@chapter=\count81
\c@section=\count82
\c@subsection=\count83
\c@subsubsection=\count84
\c@paragraph=\count85
\c@subparagraph=\count86
\c@figure=\count87
\c@table=\count88
\abovecaptionskip=\skip41
\belowcaptionskip=\skip42
\bibindent=\dimen102
)
("C:\Users\user\AppData\Local\Programs\MiKTeX 2.9\tex/latex/base\fontenc.sty"
Package: fontenc 2018/08/11 v2.0j Standard LaTeX package

("C:\Users\user\AppData\Local\Programs\MiKTeX 2.9\tex/latex/base\t1enc.def"
File: t1enc.def 2018/08/11 v2.0j Standard LaTeX file
LaTeX Font Info:    Redeclaring font encoding T1 on input line 48.
))
("C:\Users\user\AppData\Local\Programs\MiKTeX 2.9\tex/latex/base\inputenc.sty"
Package: inputenc 2018/08/11 v1.3c Input encoding file
\inpenc@prehook=\toks14
\inpenc@posthook=\toks15
)
("C:\Users\user\AppData\Local\Programs\MiKTeX 2.9\tex/latex/graphics\graphicx.s
ty"
Package: graphicx 2017/06/01 v1.1a Enhanced LaTeX Graphics (DPC,SPQR)

("C:\Users\user\AppData\Local\Programs\MiKTeX 2.9\tex/latex/graphics\keyval.sty
"
Package: keyval 2014/10/28 v1.15 key=value parser (DPC)
\KV@toks@=\toks16
)
("C:\Users\user\AppData\Local\Programs\MiKTeX 2.9\tex/latex/graphics\graphics.s
ty"
Package: graphics 2017/06/25 v1.2c Standard LaTeX Graphics (DPC,SPQR)

("C:\Users\user\AppData\Local\Programs\MiKTeX 2.9\tex/latex/graphics\trig.sty"
Package: trig 2016/01/03 v1.10 sin cos tan (DPC)
)
("C:\Users\user\AppData\Local\Programs\MiKTeX 2.9\tex/latex/graphics-cfg\graphi
cs.cfg"
File: graphics.cfg 2016/06/04 v1.11 sample graphics configuration
)
Package graphics Info: Driver file: pdftex.def on input line 99.

("C:\Users\user\AppData\Local\Programs\MiKTeX 2.9\tex/latex/graphics-def\pdftex
.def"
File: pdftex.def 2018/01/08 v1.0l Graphics/color driver for pdftex
))
\Gin@req@height=\dimen103
\Gin@req@width=\dimen104
)
("C:\Users\user\AppData\Local\Programs\MiKTeX 2.9\tex/latex/formula\formula.sty
"
Package: formula 

("C:\Users\user\AppData\Local\Programs\MiKTeX 2.9\tex/latex/amsfonts\amsfonts.s
ty"
Package: amsfonts 2013/01/14 v3.01 Basic AMSFonts support
\@emptytoks=\toks17
\symAMSa=\mathgroup4
\symAMSb=\mathgroup5
LaTeX Font Info:    Overwriting math alphabet `\mathfrak' in version `bold'
(Font)                  U/euf/m/n --> U/euf/b/n on input line 106.
)
("C:\Users\user\AppData\Local\Programs\MiKTeX 2.9\tex/latex/amsmath\amstext.sty
"
Package: amstext 2000/06/29 v2.01 AMS text
 ("C:\Users\user\AppData\Local\Programs\MiKTeX 2.9\tex/latex/amsmath\amsgen.sty
"
File: amsgen.sty 1999/11/30 v2.0 generic functions
\@emptytoks=\toks18
\ex@=\dimen105
))
("C:\Users\user\AppData\Local\Programs\MiKTeX 2.9\tex/latex/base\textcomp.sty"
Package: textcomp 2018/08/11 v2.0j Standard LaTeX package
Package textcomp Info: Sub-encoding information:
(textcomp)               5 = only ISO-Adobe without \textcurrency
(textcomp)               4 = 5 + \texteuro
(textcomp)               3 = 4 + \textohm
(textcomp)               2 = 3 + \textestimated + \textcurrency
(textcomp)               1 = TS1 - \textcircled - \t
(textcomp)               0 = TS1 (full)
(textcomp)             Font families with sub-encoding setting implement
(textcomp)             only a restricted character set as indicated.
(textcomp)             Family '?' is the default used for unknown fonts.
(textcomp)             See the documentation for details.
Package textcomp Info: Setting ? sub-encoding to TS1/1 on input line 79.

("C:\Users\user\AppData\Local\Programs\MiKTeX 2.9\tex/latex/base\ts1enc.def"
File: ts1enc.def 2001/06/05 v3.0e (jk/car/fm) Standard LaTeX file
Now handling font encoding TS1 ...
... processing UTF-8 mapping file for font encoding TS1

("C:\Users\user\AppData\Local\Programs\MiKTeX 2.9\tex/latex/base\ts1enc.dfu"
File: ts1enc.dfu 2018/10/05 v1.2f UTF-8 support for inputenc
   defining Unicode char U+00A2 (decimal 162)
   defining Unicode char U+00A3 (decimal 163)
   defining Unicode char U+00A4 (decimal 164)
   defining Unicode char U+00A5 (decimal 165)
   defining Unicode char U+00A6 (decimal 166)
   defining Unicode char U+00A7 (decimal 167)
   defining Unicode char U+00A8 (decimal 168)
   defining Unicode char U+00A9 (decimal 169)
   defining Unicode char U+00AA (decimal 170)
   defining Unicode char U+00AC (decimal 172)
   defining Unicode char U+00AE (decimal 174)
   defining Unicode char U+00AF (decimal 175)
   defining Unicode char U+00B0 (decimal 176)
   defining Unicode char U+00B1 (decimal 177)
   defining Unicode char U+00B2 (decimal 178)
   defining Unicode char U+00B3 (decimal 179)
   defining Unicode char U+00B4 (decimal 180)
   defining Unicode char U+00B5 (decimal 181)
   defining Unicode char U+00B6 (decimal 182)
   defining Unicode char U+00B7 (decimal 183)
   defining Unicode char U+00B9 (decimal 185)
   defining Unicode char U+00BA (decimal 186)
   defining Unicode char U+00BC (decimal 188)
   defining Unicode char U+00BD (decimal 189)
   defining Unicode char U+00BE (decimal 190)
   defining Unicode char U+00D7 (decimal 215)
   defining Unicode char U+00F7 (decimal 247)
   defining Unicode char U+0192 (decimal 402)
   defining Unicode char U+02C7 (decimal 711)
   defining Unicode char U+02D8 (decimal 728)
   defining Unicode char U+02DD (decimal 733)
   defining Unicode char U+0E3F (decimal 3647)
   defining Unicode char U+2016 (decimal 8214)
   defining Unicode char U+2020 (decimal 8224)
   defining Unicode char U+2021 (decimal 8225)
   defining Unicode char U+2022 (decimal 8226)
   defining Unicode char U+2030 (decimal 8240)
   defining Unicode char U+2031 (decimal 8241)
   defining Unicode char U+203B (decimal 8251)
   defining Unicode char U+203D (decimal 8253)
   defining Unicode char U+2044 (decimal 8260)
   defining Unicode char U+204E (decimal 8270)
   defining Unicode char U+2052 (decimal 8274)
   defining Unicode char U+20A1 (decimal 8353)
   defining Unicode char U+20A4 (decimal 8356)
   defining Unicode char U+20A6 (decimal 8358)
   defining Unicode char U+20A9 (decimal 8361)
   defining Unicode char U+20AB (decimal 8363)
   defining Unicode char U+20AC (decimal 8364)
   defining Unicode char U+20B1 (decimal 8369)
   defining Unicode char U+2103 (decimal 8451)
   defining Unicode char U+2116 (decimal 8470)
   defining Unicode char U+2117 (decimal 8471)
   defining Unicode char U+211E (decimal 8478)
   defining Unicode char U+2120 (decimal 8480)
   defining Unicode char U+2122 (decimal 8482)
   defining Unicode char U+2126 (decimal 8486)
   defining Unicode char U+2127 (decimal 8487)
   defining Unicode char U+212E (decimal 8494)
   defining Unicode char U+2190 (decimal 8592)
   defining Unicode char U+2191 (decimal 8593)
   defining Unicode char U+2192 (decimal 8594)
   defining Unicode char U+2193 (decimal 8595)
   defining Unicode char U+2329 (decimal 9001)
   defining Unicode char U+232A (decimal 9002)
   defining Unicode char U+2422 (decimal 9250)
   defining Unicode char U+25E6 (decimal 9702)
   defining Unicode char U+25EF (decimal 9711)
   defining Unicode char U+266A (decimal 9834)
   defining Unicode char U+FEFF (decimal 65279)
))
LaTeX Info: Redefining \oldstylenums on input line 334.
Package textcomp Info: Setting cmr sub-encoding to TS1/0 on input line 349.
Package textcomp Info: Setting cmss sub-encoding to TS1/0 on input line 350.
Package textcomp Info: Setting cmtt sub-encoding to TS1/0 on input line 351.
Package textcomp Info: Setting cmvtt sub-encoding to TS1/0 on input line 352.
Package textcomp Info: Setting cmbr sub-encoding to TS1/0 on input line 353.
Package textcomp Info: Setting cmtl sub-encoding to TS1/0 on input line 354.
Package textcomp Info: Setting ccr sub-encoding to TS1/0 on input line 355.
Package textcomp Info: Setting ptm sub-encoding to TS1/4 on input line 356.
Package textcomp Info: Setting pcr sub-encoding to TS1/4 on input line 357.
Package textcomp Info: Setting phv sub-encoding to TS1/4 on input line 358.
Package textcomp Info: Setting ppl sub-encoding to TS1/3 on input line 359.
Package textcomp Info: Setting pag sub-encoding to TS1/4 on input line 360.
Package textcomp Info: Setting pbk sub-encoding to TS1/4 on input line 361.
Package textcomp Info: Setting pnc sub-encoding to TS1/4 on input line 362.
Package textcomp Info: Setting pzc sub-encoding to TS1/4 on input line 363.
Package textcomp Info: Setting bch sub-encoding to TS1/4 on input line 364.
Package textcomp Info: Setting put sub-encoding to TS1/5 on input line 365.
Package textcomp Info: Setting uag sub-encoding to TS1/5 on input line 366.
Package textcomp Info: Setting ugq sub-encoding to TS1/5 on input line 367.
Package textcomp Info: Setting ul8 sub-encoding to TS1/4 on input line 368.
Package textcomp Info: Setting ul9 sub-encoding to TS1/4 on input line 369.
Package textcomp Info: Setting augie sub-encoding to TS1/5 on input line 370.
Package textcomp Info: Setting dayrom sub-encoding to TS1/3 on input line 371.
Package textcomp Info: Setting dayroms sub-encoding to TS1/3 on input line 372.

Package textcomp Info: Setting pxr sub-encoding to TS1/0 on input line 373.
Package textcomp Info: Setting pxss sub-encoding to TS1/0 on input line 374.
Package textcomp Info: Setting pxtt sub-encoding to TS1/0 on input line 375.
Package textcomp Info: Setting txr sub-encoding to TS1/0 on input line 376.
Package textcomp Info: Setting txss sub-encoding to TS1/0 on input line 377.
Package textcomp Info: Setting txtt sub-encoding to TS1/0 on input line 378.
Package textcomp Info: Setting lmr sub-encoding to TS1/0 on input line 379.
Package textcomp Info: Setting lmdh sub-encoding to TS1/0 on input line 380.
Package textcomp Info: Setting lmss sub-encoding to TS1/0 on input line 381.
Package textcomp Info: Setting lmssq sub-encoding to TS1/0 on input line 382.
Package textcomp Info: Setting lmvtt sub-encoding to TS1/0 on input line 383.
Package textcomp Info: Setting lmtt sub-encoding to TS1/0 on input line 384.
Package textcomp Info: Setting qhv sub-encoding to TS1/0 on input line 385.
Package textcomp Info: Setting qag sub-encoding to TS1/0 on input line 386.
Package textcomp Info: Setting qbk sub-encoding to TS1/0 on input line 387.
Package textcomp Info: Setting qcr sub-encoding to TS1/0 on input line 388.
Package textcomp Info: Setting qcs sub-encoding to TS1/0 on input line 389.
Package textcomp Info: Setting qpl sub-encoding to TS1/0 on input line 390.
Package textcomp Info: Setting qtm sub-encoding to TS1/0 on input line 391.
Package textcomp Info: Setting qzc sub-encoding to TS1/0 on input line 392.
Package textcomp Info: Setting qhvc sub-encoding to TS1/0 on input line 393.
Package textcomp Info: Setting futs sub-encoding to TS1/4 on input line 394.
Package textcomp Info: Setting futx sub-encoding to TS1/4 on input line 395.
Package textcomp Info: Setting futj sub-encoding to TS1/4 on input line 396.
Package textcomp Info: Setting hlh sub-encoding to TS1/3 on input line 397.
Package textcomp Info: Setting hls sub-encoding to TS1/3 on input line 398.
Package textcomp Info: Setting hlst sub-encoding to TS1/3 on input line 399.
Package textcomp Info: Setting hlct sub-encoding to TS1/5 on input line 400.
Package textcomp Info: Setting hlx sub-encoding to TS1/5 on input line 401.
Package textcomp Info: Setting hlce sub-encoding to TS1/5 on input line 402.
Package textcomp Info: Setting hlcn sub-encoding to TS1/5 on input line 403.
Package textcomp Info: Setting hlcw sub-encoding to TS1/5 on input line 404.
Package textcomp Info: Setting hlcf sub-encoding to TS1/5 on input line 405.
Package textcomp Info: Setting pplx sub-encoding to TS1/3 on input line 406.
Package textcomp Info: Setting pplj sub-encoding to TS1/3 on input line 407.
Package textcomp Info: Setting ptmx sub-encoding to TS1/4 on input line 408.
Package textcomp Info: Setting ptmj sub-encoding to TS1/4 on input line 409.
) ("C:\Users\user\AppData\Local\Programs\MiKTeX 2.9\tex/latex/tools\xspace.sty"
Package: xspace 2014/10/28 v1.13 Space after command names (DPC,MH)
))
(Ev_1_6_Explicar_la_operacion_de_los_circuitos_de_activacion_con_tiristores_en_
convertidores_CA-CD_y_CA-CA.aux)
\openout1 = `Ev_1_6_Explicar_la_operacion_de_los_circuitos_de_activacion_con_ti
ristores_en_convertidores_CA-CD_y_CA-CA.aux'.

LaTeX Font Info:    Checking defaults for OML/cmm/m/it on input line 7.
LaTeX Font Info:    ... okay on input line 7.
LaTeX Font Info:    Checking defaults for T1/cmr/m/n on input line 7.
LaTeX Font Info:    ... okay on input line 7.
LaTeX Font Info:    Checking defaults for OT1/cmr/m/n on input line 7.
LaTeX Font Info:    ... okay on input line 7.
LaTeX Font Info:    Checking defaults for OMS/cmsy/m/n on input line 7.
LaTeX Font Info:    ... okay on input line 7.
LaTeX Font Info:    Checking defaults for OMX/cmex/m/n on input line 7.
LaTeX Font Info:    ... okay on input line 7.
LaTeX Font Info:    Checking defaults for U/cmr/m/n on input line 7.
LaTeX Font Info:    ... okay on input line 7.
LaTeX Font Info:    Checking defaults for TS1/cmr/m/n on input line 7.
LaTeX Font Info:    Try loading font information for TS1+cmr on input line 7.

("C:\Users\user\AppData\Local\Programs\MiKTeX 2.9\tex/latex/base\ts1cmr.fd"
File: ts1cmr.fd 2014/09/29 v2.5h Standard LaTeX font definitions
)
LaTeX Font Info:    ... okay on input line 7.

("C:\Users\user\AppData\Local\Programs\MiKTeX 2.9\tex/context/base/mkii\supp-pd
f.mkii"
[Loading MPS to PDF converter (version 2006.09.02).]
\scratchcounter=\count89
\scratchdimen=\dimen106
\scratchbox=\box27
\nofMPsegments=\count90
\nofMParguments=\count91
\everyMPshowfont=\toks19
\MPscratchCnt=\count92
\MPscratchDim=\dimen107
\MPnumerator=\count93
\makeMPintoPDFobject=\count94
\everyMPtoPDFconversion=\toks20
)
("C:\Users\user\AppData\Local\Programs\MiKTeX 2.9\tex/latex/oberdiek\epstopdf-b
ase.sty"
Package: epstopdf-base 2016/05/15 v2.6 Base part for package epstopdf

("C:\Users\user\AppData\Local\Programs\MiKTeX 2.9\tex/generic/oberdiek\infwarer
r.sty"
Package: infwarerr 2016/05/16 v1.4 Providing info/warning/error messages (HO)
)
("C:\Users\user\AppData\Local\Programs\MiKTeX 2.9\tex/latex/oberdiek\grfext.sty
"
Package: grfext 2016/05/16 v1.2 Manage graphics extensions (HO)

("C:\Users\user\AppData\Local\Programs\MiKTeX 2.9\tex/generic/oberdiek\kvdefine
keys.sty"
Package: kvdefinekeys 2016/05/16 v1.4 Define keys (HO)

("C:\Users\user\AppData\Local\Programs\MiKTeX 2.9\tex/generic/oberdiek\ltxcmds.
sty"
Package: ltxcmds 2016/05/16 v1.23 LaTeX kernel commands for general use (HO)
)))
("C:\Users\user\AppData\Local\Programs\MiKTeX 2.9\tex/latex/oberdiek\kvoptions.
sty"
Package: kvoptions 2016/05/16 v3.12 Key value format for package options (HO)

("C:\Users\user\AppData\Local\Programs\MiKTeX 2.9\tex/generic/oberdiek\kvsetkey
s.sty"
Package: kvsetkeys 2016/05/16 v1.17 Key value parser (HO)

("C:\Users\user\AppData\Local\Programs\MiKTeX 2.9\tex/generic/oberdiek\etexcmds
.sty"
Package: etexcmds 2016/05/16 v1.6 Avoid name clashes with e-TeX commands (HO)

("C:\Users\user\AppData\Local\Programs\MiKTeX 2.9\tex/generic/oberdiek\ifluatex
.sty"
Package: ifluatex 2016/05/16 v1.4 Provides the ifluatex switch (HO)
Package ifluatex Info: LuaTeX not detected.
))))
("C:\Users\user\AppData\Local\Programs\MiKTeX 2.9\tex/generic/oberdiek\pdftexcm
ds.sty"
Package: pdftexcmds 2019/07/25 v0.30 Utility functions of pdfTeX for LuaTeX (HO
)

("C:\Users\user\AppData\Local\Programs\MiKTeX 2.9\tex/generic/oberdiek\ifpdf.st
y"
Package: ifpdf 2018/09/07 v3.3 Provides the ifpdf switch
)
Package pdftexcmds Info: LuaTeX not detected.
Package pdftexcmds Info: \pdf@primitive is available.
Package pdftexcmds Info: \pdf@ifprimitive is available.
Package pdftexcmds Info: \pdfdraftmode found.
)
Package epstopdf-base Info: Redefining graphics rule for `.eps' on input line 4
38.
Package grfext Info: Graphics extension search list:
(grfext)             [.pdf,.png,.jpg,.mps,.jpeg,.jbig2,.jb2,.PDF,.PNG,.JPG,.JPE
G,.JBIG2,.JB2,.eps]
(grfext)             \AppendGraphicsExtensions on input line 456.
)
<upzmg.jpg, id=1, 197.73875pt x 255.95625pt>
File: upzmg.jpg Graphic file (type jpg)
<use upzmg.jpg>
Package pdftex.def Info: upzmg.jpg  used on input line 13.
(pdftex.def)             Requested size: 197.73827pt x 255.95561pt.

Underfull \hbox (badness 10000) in paragraph at lines 8--14

 []


Underfull \hbox (badness 10000) in paragraph at lines 8--14

 []


Overfull \hbox (16.30623pt too wide) in paragraph at lines 8--14
\T1/cmr/m/n/14.4 Universidad Po-litec-nica De La Zona Metropoli-tana De Guadala
-
 []


Underfull \hbox (badness 10000) in paragraph at lines 8--14

 []

[1

{C:/Users/user/AppData/Local/MiKTeX/2.9/pdftex/config/pdftex.map} <./upzmg.jpg>
]
Underfull \hbox (badness 10000) in paragraph at lines 15--16

 []


Underfull \hbox (badness 10000) in paragraph at lines 15--16

 []

<../../../Downloads/descragas/Scr.jpg, id=10, 602.25pt x 387.4475pt>
File: ../../../Downloads/descragas/Scr.jpg Graphic file (type jpg)
<use ../../../Downloads/descragas/Scr.jpg>
Package pdftex.def Info: ../../../Downloads/descragas/Scr.jpg  used on input li
ne 20.
(pdftex.def)             Requested size: 301.12425pt x 193.72327pt.
<../../../Downloads/descragas/Circuito753.jpg, id=11, 417.56pt x 227.85126pt>
File: ../../../Downloads/descragas/Circuito753.jpg Graphic file (type jpg)
<use ../../../Downloads/descragas/Circuito753.jpg>
Package pdftex.def Info: ../../../Downloads/descragas/Circuito753.jpg  used on 
input line 23.
(pdftex.def)             Requested size: 417.55896pt x 227.8507pt.
<../../../Downloads/descragas/images.png, id=12, 297.11pt x 170.6375pt>
File: ../../../Downloads/descragas/images.png Graphic file (type png)
<use ../../../Downloads/descragas/images.png>
Package pdftex.def Info: ../../../Downloads/descragas/images.png  used on input
 line 25.
(pdftex.def)             Requested size: 297.10927pt x 170.63707pt.

Overfull \hbox (57.55896pt too wide) in paragraph at lines 17--26
[]
 []

[2 <../../../Downloads/descragas/Scr.jpg>] [3 <../../../Downloads/descragas/Cir
cuito753.jpg> <../../../Downloads/descragas/images.png>]
Overfull \hbox (3.75008pt too wide) in paragraph at lines 27--30
[]\T1/cmr/m/n/20.74 Rectificador tri-fa-sico no con-tro-lado de me-
 []


Underfull \hbox (badness 10000) in paragraph at lines 27--30

 []


Underfull \hbox (badness 10000) in paragraph at lines 27--30

 []


Underfull \hbox (badness 10000) in paragraph at lines 27--30

 []


Underfull \hbox (badness 10000) in paragraph at lines 31--35

 []


Underfull \hbox (badness 10000) in paragraph at lines 31--35

 []


Underfull \hbox (badness 10000) in paragraph at lines 31--35

 []


Underfull \hbox (badness 10000) in paragraph at lines 31--35

 []

<../../../Downloads/descragas/220px-Rect_Trifasico_contr.jpg, id=22, 165.61874p
t x 94.85437pt>
File: ../../../Downloads/descragas/220px-Rect_Trifasico_contr.jpg Graphic file 
(type jpg)
<use ../../../Downloads/descragas/220px-Rect_Trifasico_contr.jpg>
Package pdftex.def Info: ../../../Downloads/descragas/220px-Rect_Trifasico_cont
r.jpg  used on input line 38.
(pdftex.def)             Requested size: 331.23666pt x 189.70825pt.

Underfull \hbox (badness 10000) in paragraph at lines 36--39

 []


Underfull \hbox (badness 10000) in paragraph at lines 36--39

 []


Underfull \hbox (badness 10000) in paragraph at lines 36--39

 []

[4 <../../../Downloads/descragas/220px-Rect_Trifasico_contr.jpg>]
Overfull \hbox (13.34384pt too wide) in paragraph at lines 40--42
[]\T1/cmr/m/n/20.74 Rectificador tri-fa-sico no con-tro-lado de onda
 []


Underfull \hbox (badness 10000) in paragraph at lines 40--42

 []


Underfull \hbox (badness 10000) in paragraph at lines 40--42

 []


LaTeX Warning: File `../../../Downloads/descragas/images (1).png' not found on 
input line 47.

<../../../Downloads/descragas/images (1).png, id=27, 341.275pt x 148.555pt>
File: ../../../Downloads/descragas/images (1).png Graphic file (type png)
<use ../../../Downloads/descragas/images (1).png>
Package pdftex.def Info: ../../../Downloads/descragas/images (1).png  used on i
nput line 47.
(pdftex.def)             Requested size: 341.27415pt x 148.55463pt.

Overfull \hbox (19.38547pt too wide) in paragraph at lines 47--48
 [][] 
 []

<../../../Downloads/descragas/a660ffbf974035d320255eb9fe1cafd4.jpg, id=28, 831.
105pt x 576.1525pt>
File: ../../../Downloads/descragas/a660ffbf974035d320255eb9fe1cafd4.jpg Graphic
 file (type jpg)
<use ../../../Downloads/descragas/a660ffbf974035d320255eb9fe1cafd4.jpg>
Package pdftex.def Info: ../../../Downloads/descragas/a660ffbf974035d320255eb9f
e1cafd4.jpg  used on input line 55.
(pdftex.def)             Requested size: 415.55148pt x 288.07553pt.

Overfull \hbox (55.55148pt too wide) in paragraph at lines 55--56
 [][] 
 []


Underfull \hbox (badness 10000) in paragraph at lines 43--57

 []


Underfull \hbox (badness 10000) in paragraph at lines 43--57

 []


Underfull \hbox (badness 10000) in paragraph at lines 43--57

 []

[5 <../../../Downloads/descragas/images (1).png>] [6 <../../../Downloads/descra
gas/a660ffbf974035d320255eb9fe1cafd4.jpg>]
Underfull \hbox (badness 10000) in paragraph at lines 58--69

 []

[7]
(Ev_1_6_Explicar_la_operacion_de_los_circuitos_de_activacion_con_tiristores_en_
convertidores_CA-CD_y_CA-CA.aux) )
(\end occurred inside a group at level 1)

### simple group (level 1) entered at line 44 ({)
### bottom level 
Here is how much of TeX's memory you used:
 3063 strings out of 492895
 40207 string characters out of 3124202
 103349 words of memory out of 3000000
 6948 multiletter control sequences out of 15000+200000
 8904 words of font info for 22 fonts, out of 3000000 for 9000
 1141 hyphenation exceptions out of 8191
 41i,7n,27p,470b,267s stack positions out of 5000i,500n,10000p,200000b,50000s
 <C:\Users\user\AppData\Local\MiKTeX\2.9\fonts/pk/ljfour/jknapp
en/ec/dpi600\ecrm1200.pk> <C:\Users\user\AppData\Local\MiKTeX\2.9\fonts/pk/ljfo
ur/jknappen/ec/dpi600\tcrm1440.pk> <C:\Users\user\AppData\Local\MiKTeX\2.9\font
s/pk/ljfour/jknappen/ec/dpi600\ecrm2488.pk> <C:\Users\user\AppData\Local\MiKTeX
\2.9\fonts/pk/ljfour/jknappen/ec/dpi600\ecrm1095.pk> <C:\Users\user\AppData\Loc
al\MiKTeX\2.9\fonts/pk/ljfour/jknappen/ec/dpi600\ecrm1440.pk> <C:\Users\user\Ap
pData\Local\MiKTeX\2.9\fonts/pk/ljfour/jknappen/ec/dpi600\ecrm2074.pk> <C:\User
s\user\AppData\Local\MiKTeX\2.9\fonts/pk/ljfour/jknappen/ec/dpi600\ecbx2074.pk>

Output written on Ev_1_6_Explicar_la_operacion_de_los_circuitos_de_activacion_c
on_tiristores_en_convertidores_CA-CD_y_CA-CA.pdf (7 pages, 209155 bytes).
PDF statistics:
 226 PDF objects out of 1000 (max. 8388607)
 0 named destinations out of 1000 (max. 500000)
 36 words of extra memory for PDF output out of 10000 (max. 10000000)

