This is pdfTeX, Version 3.14159265-2.6-1.40.20 (MiKTeX 2.9.7140 64-bit) (preloaded format=pdflatex 2019.9.23)  22 OCT 2019 19:12
entering extended mode
**"./EV_2_7_Dise침o_de_un_modulacion_de _ancho_de_pulso_(PWM)_con_Amp-op_y_tran
sistores.tex"

("EV_2_7_Dise침o_de_un_modulacion_de _ancho_de_pulso_(PWM)_con_Amp-op_y_transis
tores.tex"
LaTeX2e <2018-12-01>
("C:\Users\user\AppData\Local\Programs\MiKTeX 2.9\tex/latex/base\report.cls"
Document Class: report 2018/09/03 v1.4i Standard LaTeX document class
("C:\Users\user\AppData\Local\Programs\MiKTeX 2.9\tex/latex/base\size12.clo"
File: size12.clo 2018/09/03 v1.4i Standard LaTeX file (size option)
)
\c@part=\count80
\c@chapter=\count81
\c@section=\count82
\c@subsection=\count83
\c@subsubsection=\count84
\c@paragraph=\count85
\c@subparagraph=\count86
\c@figure=\count87
\c@table=\count88
\abovecaptionskip=\skip41
\belowcaptionskip=\skip42
\bibindent=\dimen102
)
("C:\Users\user\AppData\Local\Programs\MiKTeX 2.9\tex/latex/base\fontenc.sty"
Package: fontenc 2018/08/11 v2.0j Standard LaTeX package

("C:\Users\user\AppData\Local\Programs\MiKTeX 2.9\tex/latex/base\t1enc.def"
File: t1enc.def 2018/08/11 v2.0j Standard LaTeX file
LaTeX Font Info:    Redeclaring font encoding T1 on input line 48.
))
("C:\Users\user\AppData\Local\Programs\MiKTeX 2.9\tex/latex/base\inputenc.sty"
Package: inputenc 2018/08/11 v1.3c Input encoding file
\inpenc@prehook=\toks14
\inpenc@posthook=\toks15
)
("C:\Users\user\AppData\Local\Programs\MiKTeX 2.9\tex/latex/graphics\graphicx.s
ty"
Package: graphicx 2017/06/01 v1.1a Enhanced LaTeX Graphics (DPC,SPQR)

("C:\Users\user\AppData\Local\Programs\MiKTeX 2.9\tex/latex/graphics\keyval.sty
"
Package: keyval 2014/10/28 v1.15 key=value parser (DPC)
\KV@toks@=\toks16
)
("C:\Users\user\AppData\Local\Programs\MiKTeX 2.9\tex/latex/graphics\graphics.s
ty"
Package: graphics 2017/06/25 v1.2c Standard LaTeX Graphics (DPC,SPQR)

("C:\Users\user\AppData\Local\Programs\MiKTeX 2.9\tex/latex/graphics\trig.sty"
Package: trig 2016/01/03 v1.10 sin cos tan (DPC)
)
("C:\Users\user\AppData\Local\Programs\MiKTeX 2.9\tex/latex/graphics-cfg\graphi
cs.cfg"
File: graphics.cfg 2016/06/04 v1.11 sample graphics configuration
)
Package graphics Info: Driver file: pdftex.def on input line 99.

("C:\Users\user\AppData\Local\Programs\MiKTeX 2.9\tex/latex/graphics-def\pdftex
.def"
File: pdftex.def 2018/01/08 v1.0l Graphics/color driver for pdftex
))
\Gin@req@height=\dimen103
\Gin@req@width=\dimen104
)
("EV_2_7_Dise침o_de_un_modulacion_de _ancho_de_pulso_(PWM)_con_Amp-op_y_transis
tores.aux")
\openout1 = `"EV_2_7_Dise침o_de_un_modulacion_de _ancho_de_pulso_(PWM)_con_Amp-
op_y_transistores.aux"'.

LaTeX Font Info:    Checking defaults for OML/cmm/m/it on input line 7.
LaTeX Font Info:    ... okay on input line 7.
LaTeX Font Info:    Checking defaults for T1/cmr/m/n on input line 7.
LaTeX Font Info:    ... okay on input line 7.
LaTeX Font Info:    Checking defaults for OT1/cmr/m/n on input line 7.
LaTeX Font Info:    ... okay on input line 7.
LaTeX Font Info:    Checking defaults for OMS/cmsy/m/n on input line 7.
LaTeX Font Info:    ... okay on input line 7.
LaTeX Font Info:    Checking defaults for OMX/cmex/m/n on input line 7.
LaTeX Font Info:    ... okay on input line 7.
LaTeX Font Info:    Checking defaults for U/cmr/m/n on input line 7.
LaTeX Font Info:    ... okay on input line 7.

("C:\Users\user\AppData\Local\Programs\MiKTeX 2.9\tex/context/base/mkii\supp-pd
f.mkii"
[Loading MPS to PDF converter (version 2006.09.02).]
\scratchcounter=\count89
\scratchdimen=\dimen105
\scratchbox=\box27
\nofMPsegments=\count90
\nofMParguments=\count91
\everyMPshowfont=\toks17
\MPscratchCnt=\count92
\MPscratchDim=\dimen106
\MPnumerator=\count93
\makeMPintoPDFobject=\count94
\everyMPtoPDFconversion=\toks18
)
("C:\Users\user\AppData\Local\Programs\MiKTeX 2.9\tex/latex/oberdiek\epstopdf-b
ase.sty"
Package: epstopdf-base 2016/05/15 v2.6 Base part for package epstopdf

("C:\Users\user\AppData\Local\Programs\MiKTeX 2.9\tex/generic/oberdiek\infwarer
r.sty"
Package: infwarerr 2016/05/16 v1.4 Providing info/warning/error messages (HO)
)
("C:\Users\user\AppData\Local\Programs\MiKTeX 2.9\tex/latex/oberdiek\grfext.sty
"
Package: grfext 2016/05/16 v1.2 Manage graphics extensions (HO)

("C:\Users\user\AppData\Local\Programs\MiKTeX 2.9\tex/generic/oberdiek\kvdefine
keys.sty"
Package: kvdefinekeys 2016/05/16 v1.4 Define keys (HO)

("C:\Users\user\AppData\Local\Programs\MiKTeX 2.9\tex/generic/oberdiek\ltxcmds.
sty"
Package: ltxcmds 2016/05/16 v1.23 LaTeX kernel commands for general use (HO)
)))
("C:\Users\user\AppData\Local\Programs\MiKTeX 2.9\tex/latex/oberdiek\kvoptions.
sty"
Package: kvoptions 2016/05/16 v3.12 Key value format for package options (HO)

("C:\Users\user\AppData\Local\Programs\MiKTeX 2.9\tex/generic/oberdiek\kvsetkey
s.sty"
Package: kvsetkeys 2016/05/16 v1.17 Key value parser (HO)

("C:\Users\user\AppData\Local\Programs\MiKTeX 2.9\tex/generic/oberdiek\etexcmds
.sty"
Package: etexcmds 2016/05/16 v1.6 Avoid name clashes with e-TeX commands (HO)

("C:\Users\user\AppData\Local\Programs\MiKTeX 2.9\tex/generic/oberdiek\ifluatex
.sty"
Package: ifluatex 2016/05/16 v1.4 Provides the ifluatex switch (HO)
Package ifluatex Info: LuaTeX not detected.
))))
("C:\Users\user\AppData\Local\Programs\MiKTeX 2.9\tex/generic/oberdiek\pdftexcm
ds.sty"
Package: pdftexcmds 2019/07/25 v0.30 Utility functions of pdfTeX for LuaTeX (HO
)

("C:\Users\user\AppData\Local\Programs\MiKTeX 2.9\tex/generic/oberdiek\ifpdf.st
y"
Package: ifpdf 2018/09/07 v3.3 Provides the ifpdf switch
)
Package pdftexcmds Info: LuaTeX not detected.
Package pdftexcmds Info: \pdf@primitive is available.
Package pdftexcmds Info: \pdf@ifprimitive is available.
Package pdftexcmds Info: \pdfdraftmode found.
)
Package epstopdf-base Info: Redefining graphics rule for `.eps' on input line 4
38.
Package grfext Info: Graphics extension search list:
(grfext)             [.pdf,.png,.jpg,.mps,.jpeg,.jbig2,.jb2,.PDF,.PNG,.JPG,.JPE
G,.JBIG2,.JB2,.eps]
(grfext)             \AppendGraphicsExtensions on input line 456.
)
<../../../../Downloads/upzmg.jpg, id=1, 197.73875pt x 255.95625pt>
File: ../../../../Downloads/upzmg.jpg Graphic file (type jpg)
<use ../../../../Downloads/upzmg.jpg>
Package pdftex.def Info: ../../../../Downloads/upzmg.jpg  used on input line 17
.
(pdftex.def)             Requested size: 197.73827pt x 255.95561pt.
 [1

{C:/Users/user/AppData/Local/MiKTeX/2.9/pdftex/config/pdftex.map} <../../../../
Downloads/upzmg.jpg>]
Underfull \hbox (badness 10000) in paragraph at lines 20--21

 []


Underfull \hbox (badness 10000) in paragraph at lines 23--25

 []

<../../../../Downloads/descragas/pwm.png, id=9, 359.3425pt x 141.52875pt>
File: ../../../../Downloads/descragas/pwm.png Graphic file (type png)
<use ../../../../Downloads/descragas/pwm.png>
Package pdftex.def Info: ../../../../Downloads/descragas/pwm.png  used on input
 line 29.
(pdftex.def)             Requested size: 359.34161pt x 141.5284pt.

Overfull \hbox (45.32156pt too wide) in paragraph at lines 34--35
\T1/cmr/bx/n/24.88 쬒藻o se con-struye un cir-cuito PWM? 
 []


Underfull \hbox (badness 10000) in paragraph at lines 34--35

 []


Underfull \hbox (badness 10000) in paragraph at lines 36--37

 []

[2 <../../../../Downloads/descragas/pwm.png>]
<../../../../Downloads/descragas/circuito.png, id=14, 343.2825pt x 147.55125pt>

File: ../../../../Downloads/descragas/circuito.png Graphic file (type png)
<use ../../../../Downloads/descragas/circuito.png>
Package pdftex.def Info: ../../../../Downloads/descragas/circuito.png  used on 
input line 41.
(pdftex.def)             Requested size: 377.6119pt x 162.30685pt.

Underfull \hbox (badness 10000) in paragraph at lines 45--50

 []


Underfull \hbox (badness 10000) in paragraph at lines 45--50

 []


Underfull \hbox (badness 10000) in paragraph at lines 51--52

 []

<../../../../Downloads/descragas/images.png, id=15, 309.155pt x 163.61125pt>
File: ../../../../Downloads/descragas/images.png Graphic file (type png)
<use ../../../../Downloads/descragas/images.png>
Package pdftex.def Info: ../../../../Downloads/descragas/images.png  used on in
put line 56.
(pdftex.def)             Requested size: 309.15424pt x 163.61084pt.
[3 <../../../../Downloads/descragas/circuito.png>] [4 <../../../../Downloads/de
scragas/images.png>]
Underfull \hbox (badness 10000) in paragraph at lines 67--83

 []


Overfull \hbox (7.22073pt too wide) in paragraph at lines 67--83
\T1/cmr/m/n/14.4 NYFER, MON-TESINOS DE LA ROSA EDGAR EN-RIQUE, SAN-
 []


Overfull \hbox (21.87935pt too wide) in paragraph at lines 67--83
\T1/cmr/m/n/14.4 TANA ROB-LES JONATHAN, ti-tle = GEN-ER-ADOR DE SE헤LES
 []


Overfull \hbox (216.14763pt too wide) in paragraph at lines 67--83
\T1/cmr/m/n/14.4 = 2010, url = https://tesis.ipn.mx/jspui/bitstream/123456789/5
702/1/GENERADORSENALES.pdf,
 []

[5]
("EV_2_7_Dise침o_de_un_modulacion_de _ancho_de_pulso_(PWM)_con_Amp-op_y_transis
tores.aux") )
(\end occurred inside a group at level 2)

### simple group (level 2) entered at line 68 ({)
### simple group (level 1) entered at line 61 ({)
### bottom level 
Here is how much of TeX's memory you used:
 1680 strings out of 492895
 25217 string characters out of 3124202
 84080 words of memory out of 3000000
 5597 multiletter control sequences out of 15000+200000
 7784 words of font info for 20 fonts, out of 3000000 for 9000
 1141 hyphenation exceptions out of 8191
 41i,6n,25p,457b,276s stack positions out of 5000i,500n,10000p,200000b,50000s
 <C:\Users\user\AppData\Local\MiKTeX\2.9\fonts/pk/ljfour/jknapp
en/ec/dpi600\ecrm1440.pk> <C:\Users\user\AppData\Local\MiKTeX\2.9\fonts/pk/ljfo
ur/jknappen/ec/dpi600\ecrm1200.pk> <C:\Users\user\AppData\Local\MiKTeX\2.9\font
s/pk/ljfour/jknappen/ec/dpi600\ecrm1728.pk> <C:\Users\user\AppData\Local\MiKTeX
\2.9\fonts/pk/ljfour/jknappen/ec/dpi600\ecbx2488.pk>
Output written on "EV_2_7_Dise침o_de_un_modulacion_de _ancho_de_pulso_(PWM)_con
_Amp-op_y_transistores.pdf" (5 pages, 100340 bytes).
PDF statistics:
 221 PDF objects out of 1000 (max. 8388607)
 0 named destinations out of 1000 (max. 500000)
 21 words of extra memory for PDF output out of 10000 (max. 10000000)

