This is pdfTeX, Version 3.14159265-2.6-1.40.20 (MiKTeX 2.9.7140 64-bit) (preloaded format=pdflatex 2019.9.23)  15 OCT 2019 18:34
entering extended mode
**./EV_2_4_giro_de_un_motor_de_corriente_directa..tex
(EV_2_4_giro_de_un_motor_de_corriente_directa..tex
LaTeX2e <2018-12-01>
("C:\Users\user\AppData\Local\Programs\MiKTeX 2.9\tex/latex/base\report.cls"
Document Class: report 2018/09/03 v1.4i Standard LaTeX document class
("C:\Users\user\AppData\Local\Programs\MiKTeX 2.9\tex/latex/base\size12.clo"
File: size12.clo 2018/09/03 v1.4i Standard LaTeX file (size option)
)
\c@part=\count80
\c@chapter=\count81
\c@section=\count82
\c@subsection=\count83
\c@subsubsection=\count84
\c@paragraph=\count85
\c@subparagraph=\count86
\c@figure=\count87
\c@table=\count88
\abovecaptionskip=\skip41
\belowcaptionskip=\skip42
\bibindent=\dimen102
)
("C:\Users\user\AppData\Local\Programs\MiKTeX 2.9\tex/latex/base\fontenc.sty"
Package: fontenc 2018/08/11 v2.0j Standard LaTeX package

("C:\Users\user\AppData\Local\Programs\MiKTeX 2.9\tex/latex/base\t1enc.def"
File: t1enc.def 2018/08/11 v2.0j Standard LaTeX file
LaTeX Font Info:    Redeclaring font encoding T1 on input line 48.
))
("C:\Users\user\AppData\Local\Programs\MiKTeX 2.9\tex/latex/base\inputenc.sty"
Package: inputenc 2018/08/11 v1.3c Input encoding file
\inpenc@prehook=\toks14
\inpenc@posthook=\toks15
)
("C:\Users\user\AppData\Local\Programs\MiKTeX 2.9\tex/latex/graphics\graphicx.s
ty"
Package: graphicx 2017/06/01 v1.1a Enhanced LaTeX Graphics (DPC,SPQR)

("C:\Users\user\AppData\Local\Programs\MiKTeX 2.9\tex/latex/graphics\keyval.sty
"
Package: keyval 2014/10/28 v1.15 key=value parser (DPC)
\KV@toks@=\toks16
)
("C:\Users\user\AppData\Local\Programs\MiKTeX 2.9\tex/latex/graphics\graphics.s
ty"
Package: graphics 2017/06/25 v1.2c Standard LaTeX Graphics (DPC,SPQR)

("C:\Users\user\AppData\Local\Programs\MiKTeX 2.9\tex/latex/graphics\trig.sty"
Package: trig 2016/01/03 v1.10 sin cos tan (DPC)
)
("C:\Users\user\AppData\Local\Programs\MiKTeX 2.9\tex/latex/graphics-cfg\graphi
cs.cfg"
File: graphics.cfg 2016/06/04 v1.11 sample graphics configuration
)
Package graphics Info: Driver file: pdftex.def on input line 99.

("C:\Users\user\AppData\Local\Programs\MiKTeX 2.9\tex/latex/graphics-def\pdftex
.def"
File: pdftex.def 2018/01/08 v1.0l Graphics/color driver for pdftex
))
\Gin@req@height=\dimen103
\Gin@req@width=\dimen104
)
No file EV_2_4_giro_de_un_motor_de_corriente_directa..aux.
\openout1 = `EV_2_4_giro_de_un_motor_de_corriente_directa..aux'.

LaTeX Font Info:    Checking defaults for OML/cmm/m/it on input line 7.
LaTeX Font Info:    ... okay on input line 7.
LaTeX Font Info:    Checking defaults for T1/cmr/m/n on input line 7.
LaTeX Font Info:    ... okay on input line 7.
LaTeX Font Info:    Checking defaults for OT1/cmr/m/n on input line 7.
LaTeX Font Info:    ... okay on input line 7.
LaTeX Font Info:    Checking defaults for OMS/cmsy/m/n on input line 7.
LaTeX Font Info:    ... okay on input line 7.
LaTeX Font Info:    Checking defaults for OMX/cmex/m/n on input line 7.
LaTeX Font Info:    ... okay on input line 7.
LaTeX Font Info:    Checking defaults for U/cmr/m/n on input line 7.
LaTeX Font Info:    ... okay on input line 7.

("C:\Users\user\AppData\Local\Programs\MiKTeX 2.9\tex/context/base/mkii\supp-pd
f.mkii"
[Loading MPS to PDF converter (version 2006.09.02).]
\scratchcounter=\count89
\scratchdimen=\dimen105
\scratchbox=\box27
\nofMPsegments=\count90
\nofMParguments=\count91
\everyMPshowfont=\toks17
\MPscratchCnt=\count92
\MPscratchDim=\dimen106
\MPnumerator=\count93
\makeMPintoPDFobject=\count94
\everyMPtoPDFconversion=\toks18
)
("C:\Users\user\AppData\Local\Programs\MiKTeX 2.9\tex/latex/oberdiek\epstopdf-b
ase.sty"
Package: epstopdf-base 2016/05/15 v2.6 Base part for package epstopdf

("C:\Users\user\AppData\Local\Programs\MiKTeX 2.9\tex/generic/oberdiek\infwarer
r.sty"
Package: infwarerr 2016/05/16 v1.4 Providing info/warning/error messages (HO)
)
("C:\Users\user\AppData\Local\Programs\MiKTeX 2.9\tex/latex/oberdiek\grfext.sty
"
Package: grfext 2016/05/16 v1.2 Manage graphics extensions (HO)

("C:\Users\user\AppData\Local\Programs\MiKTeX 2.9\tex/generic/oberdiek\kvdefine
keys.sty"
Package: kvdefinekeys 2016/05/16 v1.4 Define keys (HO)

("C:\Users\user\AppData\Local\Programs\MiKTeX 2.9\tex/generic/oberdiek\ltxcmds.
sty"
Package: ltxcmds 2016/05/16 v1.23 LaTeX kernel commands for general use (HO)
)))
("C:\Users\user\AppData\Local\Programs\MiKTeX 2.9\tex/latex/oberdiek\kvoptions.
sty"
Package: kvoptions 2016/05/16 v3.12 Key value format for package options (HO)

("C:\Users\user\AppData\Local\Programs\MiKTeX 2.9\tex/generic/oberdiek\kvsetkey
s.sty"
Package: kvsetkeys 2016/05/16 v1.17 Key value parser (HO)

("C:\Users\user\AppData\Local\Programs\MiKTeX 2.9\tex/generic/oberdiek\etexcmds
.sty"
Package: etexcmds 2016/05/16 v1.6 Avoid name clashes with e-TeX commands (HO)

("C:\Users\user\AppData\Local\Programs\MiKTeX 2.9\tex/generic/oberdiek\ifluatex
.sty"
Package: ifluatex 2016/05/16 v1.4 Provides the ifluatex switch (HO)
Package ifluatex Info: LuaTeX not detected.
))))
("C:\Users\user\AppData\Local\Programs\MiKTeX 2.9\tex/generic/oberdiek\pdftexcm
ds.sty"
Package: pdftexcmds 2019/07/25 v0.30 Utility functions of pdfTeX for LuaTeX (HO
)

("C:\Users\user\AppData\Local\Programs\MiKTeX 2.9\tex/generic/oberdiek\ifpdf.st
y"
Package: ifpdf 2018/09/07 v3.3 Provides the ifpdf switch
)
Package pdftexcmds Info: LuaTeX not detected.
Package pdftexcmds Info: \pdf@primitive is available.
Package pdftexcmds Info: \pdf@ifprimitive is available.
Package pdftexcmds Info: \pdfdraftmode found.
)
Package epstopdf-base Info: Redefining graphics rule for `.eps' on input line 4
38.
Package grfext Info: Graphics extension search list:
(grfext)             [.pdf,.png,.jpg,.mps,.jpeg,.jbig2,.jb2,.PDF,.PNG,.JPG,.JPE
G,.JBIG2,.JB2,.eps]
(grfext)             \AppendGraphicsExtensions on input line 456.
)
Underfull \hbox (badness 10000) in paragraph at lines 8--11

 []

<../../../Downloads/upzmg.jpg, id=1, 197.73875pt x 255.95625pt>
File: ../../../Downloads/upzmg.jpg Graphic file (type jpg)
<use ../../../Downloads/upzmg.jpg>
Package pdftex.def Info: ../../../Downloads/upzmg.jpg  used on input line 13.
(pdftex.def)             Requested size: 197.73827pt x 255.95561pt.
[1

{C:/Users/user/AppData/Local/MiKTeX/2.9/pdftex/config/pdftex.map} <../../../Dow
nloads/upzmg.jpg>]
Underfull \hbox (badness 10000) in paragraph at lines 17--18

 []


Overfull \hbox (60.10786pt too wide) in paragraph at lines 20--21
[]\T1/cmr/m/n/17.28 Los mo-tores de Cor-ri-ente Di-recta o mo-tor DC(correspond
iente
 []


Underfull \hbox (badness 10000) in paragraph at lines 20--21

 []

<../EV_2_4_giro_de_un_motor_de_corriente_directa/motor+dc.png, id=9, 301.125pt 
x 154.5775pt>
File: ../EV_2_4_giro_de_un_motor_de_corriente_directa/motor+dc.png Graphic file
 (type png)
<use ../EV_2_4_giro_de_un_motor_de_corriente_directa/motor+dc.png>
Package pdftex.def Info: ../EV_2_4_giro_de_un_motor_de_corriente_directa/motor+
dc.png  used on input line 25.
(pdftex.def)             Requested size: 150.56212pt x 77.28854pt.

Underfull \hbox (badness 10000) in paragraph at lines 28--29

 []

LaTeX Font Info:    Try loading font information for OMS+cmr on input line 30.
("C:\Users\user\AppData\Local\Programs\MiKTeX 2.9\tex/latex/base\omscmr.fd"
File: omscmr.fd 2014/09/29 v2.5h Standard LaTeX font definitions
)
LaTeX Font Info:    Font shape `OMS/cmr/m/n' in size <17.28> not available
(Font)              Font shape `OMS/cmsy/m/n' tried instead on input line 30.

[2 <../EV_2_4_giro_de_un_motor_de_corriente_directa/motor+dc.png (PNG copy)>]
<../EV_2_4_giro_de_un_motor_de_corriente_directa/image4526.png, id=15, 501.875p
t x 197.73875pt>
File: ../EV_2_4_giro_de_un_motor_de_corriente_directa/image4526.png Graphic fil
e (type png)
<use ../EV_2_4_giro_de_un_motor_de_corriente_directa/image4526.png>
Package pdftex.def Info: ../EV_2_4_giro_de_un_motor_de_corriente_directa/image4
526.png  used on input line 46.
(pdftex.def)             Requested size: 250.93687pt x 98.86913pt.

Underfull \hbox (badness 10000) in paragraph at lines 37--48

 []


Underfull \hbox (badness 10000) in paragraph at lines 37--48

 []

[3 <../EV_2_4_giro_de_un_motor_de_corriente_directa/image4526.png>]
Underfull \hbox (badness 10000) in paragraph at lines 50--51

 []


Underfull \hbox (badness 10000) in paragraph at lines 50--51

 []

<../EV_2_4_giro_de_un_motor_de_corriente_directa/curva-motor-de-iman-permanente
.png, id=21, 752.8125pt x 216.81pt>
File: ../EV_2_4_giro_de_un_motor_de_corriente_directa/curva-motor-de-iman-perma
nente.png Graphic file (type png)
<use ../EV_2_4_giro_de_un_motor_de_corriente_directa/curva-motor-de-iman-perman
ente.png>
Package pdftex.def Info: ../EV_2_4_giro_de_un_motor_de_corriente_directa/curva-
motor-de-iman-permanente.png  used on input line 56.
(pdftex.def)             Requested size: 376.40532pt x 108.40472pt.

Underfull \hbox (badness 10000) in paragraph at lines 60--61

 []


Underfull \hbox (badness 10000) in paragraph at lines 60--61

 []

File: ../EV_2_4_giro_de_un_motor_de_corriente_directa/curva-motor-de-iman-perma
nente.png Graphic file (type png)
<use ../EV_2_4_giro_de_un_motor_de_corriente_directa/curva-motor-de-iman-perman
ente.png>
Package pdftex.def Info: ../EV_2_4_giro_de_un_motor_de_corriente_directa/curva-
motor-de-iman-permanente.png  used on input line 65.
(pdftex.def)             Requested size: 376.40532pt x 108.40472pt.
[4 <../EV_2_4_giro_de_un_motor_de_corriente_directa/curva-motor-de-iman-permane
nte.png>]
Underfull \hbox (badness 10000) in paragraph at lines 70--71

 []

File: ../EV_2_4_giro_de_un_motor_de_corriente_directa/curva-motor-de-iman-perma
nente.png Graphic file (type png)
<use ../EV_2_4_giro_de_un_motor_de_corriente_directa/curva-motor-de-iman-perman
ente.png>
Package pdftex.def Info: ../EV_2_4_giro_de_un_motor_de_corriente_directa/curva-
motor-de-iman-permanente.png  used on input line 76.
(pdftex.def)             Requested size: 376.40532pt x 108.40472pt.
[5]
Underfull \hbox (badness 10000) in paragraph at lines 81--82

 []

<../EV_2_4_giro_de_un_motor_de_corriente_directa/curva-motor-compuesto.png, id=
29, 752.8125pt x 208.78pt>
File: ../EV_2_4_giro_de_un_motor_de_corriente_directa/curva-motor-compuesto.png
 Graphic file (type png)
<use ../EV_2_4_giro_de_un_motor_de_corriente_directa/curva-motor-compuesto.png>

Package pdftex.def Info: ../EV_2_4_giro_de_un_motor_de_corriente_directa/curva-
motor-compuesto.png  used on input line 87.
(pdftex.def)             Requested size: 376.40532pt x 104.38972pt.

Underfull \hbox (badness 10000) in paragraph at lines 84--90

 []

[6 <../EV_2_4_giro_de_un_motor_de_corriente_directa/curva-motor-compuesto.png>]

Underfull \hbox (badness 10000) in paragraph at lines 92--106

 []


Overfull \hbox (13.16737pt too wide) in paragraph at lines 92--106
\T1/cmr/m/n/14.4 https://www.mecatronicalatam.com/motores/motores-de-cd, OPT-
 []


Overfull \hbox (27.15178pt too wide) in paragraph at lines 92--106
\T1/cmr/m/n/14.4 month = 6, OP-Turl-date = http://arteymedios.org/tutoriales/it
em/76-
 []

[7] (EV_2_4_giro_de_un_motor_de_corriente_directa..aux) )
(\end occurred inside a group at level 1)

### simple group (level 1) entered at line 93 ({)
### bottom level 
Here is how much of TeX's memory you used:
 1703 strings out of 492895
 25497 string characters out of 3124202
 84080 words of memory out of 3000000
 5617 multiletter control sequences out of 15000+200000
 8818 words of font info for 22 fonts, out of 3000000 for 9000
 1141 hyphenation exceptions out of 8191
 41i,7n,25p,469b,231s stack positions out of 5000i,500n,10000p,200000b,50000s
 <C:\Users\user\AppData\Local\MiKTeX\2.9\fonts/pk/ljfour/jknapp
en/ec/dpi600\ecrm1440.pk> <C:\Users\user\AppData\Local\MiKTeX\2.9\fonts/pk/ljfo
ur/jknappen/ec/dpi600\ecbx2488.pk> <C:\Users\user\AppData\Local\MiKTeX\2.9\font
s/pk/ljfour/jknappen/ec/dpi600\ecrm1200.pk> <C:\Users\user\AppData\Local\MiKTeX
\2.9\fonts/pk/ljfour/jknappen/ec/dpi600\ecrm1728.pk> <C:\Users\user\AppData\Loc
al\MiKTeX\2.9\fonts/pk/ljfour/jknappen/ec/dpi600\ecbx1728.pk><C:/Users/user/App
Data/Local/Programs/MiKTeX 2.9/fonts/type1/public/amsfonts/cm/cmsy10.pfb>
Output written on EV_2_4_giro_de_un_motor_de_corriente_directa..pdf (7 pages, 1
86410 bytes).
PDF statistics:
 240 PDF objects out of 1000 (max. 8388607)
 0 named destinations out of 1000 (max. 500000)
 26 words of extra memory for PDF output out of 10000 (max. 10000000)

